2025-10-15 13:38:13 [restartedMain] INFO  com.cartechindia - Logger initialized: CarTechIndia logging started
2025-10-15 13:38:13 [restartedMain] DEBUG com.cartechindia - Sample DEBUG entry: Service layer ready
2025-10-15 13:38:13 [restartedMain] WARN  com.cartechindia - Sample WARN entry: Check configuration if needed
2025-10-15 13:38:13 [restartedMain] ERROR com.cartechindia - Sample ERROR entry: No actual error, just example
2025-10-15 13:38:23 [restartedMain] INFO  c.c.CarTechIndiaApplication - Started CarTechIndiaApplication in 43.917 seconds (process running for 49.377)
2025-10-15 13:48:13 [restartedMain] INFO  com.cartechindia - Logger initialized: CarTechIndia logging started
2025-10-15 13:48:13 [restartedMain] DEBUG com.cartechindia - Sample DEBUG entry: Service layer ready
2025-10-15 13:48:13 [restartedMain] WARN  com.cartechindia - Sample WARN entry: Check configuration if needed
2025-10-15 13:48:13 [restartedMain] ERROR com.cartechindia - Sample ERROR entry: No actual error, just example
2025-10-15 13:48:27 [restartedMain] INFO  c.c.CarTechIndiaApplication - Started CarTechIndiaApplication in 47.096 seconds (process running for 49.597)
2025-10-15 13:48:59 [task-2] INFO  c.c.service.impl.SmsServiceImpl - 📱 Sending SMS to 7654567890 with OTP: 211866
2025-10-15 13:49:00 [task-2] INFO  c.c.service.impl.SmsServiceImpl - ✅ OTP SMS sent to 7654567890
2025-10-15 14:04:20 [restartedMain] INFO  com.cartechindia - Logger initialized: CarTechIndia logging started
2025-10-15 14:04:20 [restartedMain] DEBUG com.cartechindia - Sample DEBUG entry: Service layer ready
2025-10-15 14:04:20 [restartedMain] WARN  com.cartechindia - Sample WARN entry: Check configuration if needed
2025-10-15 14:04:20 [restartedMain] ERROR com.cartechindia - Sample ERROR entry: No actual error, just example
2025-10-15 14:04:30 [restartedMain] INFO  c.c.CarTechIndiaApplication - Started CarTechIndiaApplication in 35.739 seconds (process running for 37.639)
2025-10-15 14:07:24 [task-2] INFO  c.c.service.impl.SmsServiceImpl - 📱 Sending SMS to 2764890976 with OTP: 889033
2025-10-15 14:07:25 [task-2] INFO  c.c.service.impl.SmsServiceImpl - ✅ OTP SMS sent to 2764890976
2025-10-15 14:24:19 [restartedMain] INFO  com.cartechindia - Logger initialized: CarTechIndia logging started
2025-10-15 14:24:19 [restartedMain] DEBUG com.cartechindia - Sample DEBUG entry: Service layer ready
2025-10-15 14:24:19 [restartedMain] WARN  com.cartechindia - Sample WARN entry: Check configuration if needed
2025-10-15 14:24:19 [restartedMain] ERROR com.cartechindia - Sample ERROR entry: No actual error, just example
2025-10-15 14:24:29 [restartedMain] INFO  c.c.CarTechIndiaApplication - Started CarTechIndiaApplication in 58.419 seconds (process running for 60.233)
2025-10-15 14:38:14 [restartedMain] INFO  com.cartechindia - Logger initialized: CarTechIndia logging started
2025-10-15 14:38:14 [restartedMain] DEBUG com.cartechindia - Sample DEBUG entry: Service layer ready
2025-10-15 14:38:14 [restartedMain] WARN  com.cartechindia - Sample WARN entry: Check configuration if needed
2025-10-15 14:38:14 [restartedMain] ERROR com.cartechindia - Sample ERROR entry: No actual error, just example
2025-10-15 14:38:28 [restartedMain] INFO  c.c.CarTechIndiaApplication - Started CarTechIndiaApplication in 76.342 seconds (process running for 79.035)
2025-10-15 14:43:58 [task-2] INFO  c.c.service.impl.SmsServiceImpl - 📱 Sending SMS to 7367654567 with OTP: 541108
2025-10-15 14:43:59 [task-2] INFO  c.c.service.impl.SmsServiceImpl - ✅ OTP SMS sent to 7367654567
2025-10-15 16:15:11 [restartedMain] INFO  com.cartechindia - Logger initialized: CarTechIndia logging started
2025-10-15 16:15:11 [restartedMain] DEBUG com.cartechindia - Sample DEBUG entry: Service layer ready
2025-10-15 16:15:11 [restartedMain] WARN  com.cartechindia - Sample WARN entry: Check configuration if needed
2025-10-15 16:15:11 [restartedMain] ERROR com.cartechindia - Sample ERROR entry: No actual error, just example
2025-10-15 16:15:27 [restartedMain] INFO  c.c.CarTechIndiaApplication - Started CarTechIndiaApplication in 92.449 seconds (process running for 95.56)
2025-10-15 16:29:15 [restartedMain] INFO  com.cartechindia - Logger initialized: CarTechIndia logging started
2025-10-15 16:29:15 [restartedMain] DEBUG com.cartechindia - Sample DEBUG entry: Service layer ready
2025-10-15 16:29:15 [restartedMain] WARN  com.cartechindia - Sample WARN entry: Check configuration if needed
2025-10-15 16:29:15 [restartedMain] ERROR com.cartechindia - Sample ERROR entry: No actual error, just example
2025-10-15 16:29:29 [restartedMain] INFO  c.c.CarTechIndiaApplication - Started CarTechIndiaApplication in 90.069 seconds (process running for 93.298)
2025-10-15 18:19:14 [restartedMain] INFO  com.cartechindia - Logger initialized: CarTechIndia logging started
2025-10-15 18:19:14 [restartedMain] DEBUG com.cartechindia - Sample DEBUG entry: Service layer ready
2025-10-15 18:19:14 [restartedMain] WARN  com.cartechindia - Sample WARN entry: Check configuration if needed
2025-10-15 18:19:14 [restartedMain] ERROR com.cartechindia - Sample ERROR entry: No actual error, just example
2025-10-15 18:19:25 [restartedMain] INFO  c.c.CarTechIndiaApplication - Started CarTechIndiaApplication in 77.445 seconds (process running for 86.752)
2025-10-15 18:39:51 [restartedMain] INFO  com.cartechindia - Logger initialized: CarTechIndia logging started
2025-10-15 18:39:51 [restartedMain] DEBUG com.cartechindia - Sample DEBUG entry: Service layer ready
2025-10-15 18:39:51 [restartedMain] WARN  com.cartechindia - Sample WARN entry: Check configuration if needed
2025-10-15 18:39:51 [restartedMain] ERROR com.cartechindia - Sample ERROR entry: No actual error, just example
2025-10-15 18:40:04 [restartedMain] INFO  c.c.CarTechIndiaApplication - Started CarTechIndiaApplication in 75.598 seconds (process running for 78.597)
2025-10-15 18:44:54 [restartedMain] INFO  com.cartechindia - Logger initialized: CarTechIndia logging started
2025-10-15 18:44:54 [restartedMain] DEBUG com.cartechindia - Sample DEBUG entry: Service layer ready
2025-10-15 18:44:54 [restartedMain] WARN  com.cartechindia - Sample WARN entry: Check configuration if needed
2025-10-15 18:44:54 [restartedMain] ERROR com.cartechindia - Sample ERROR entry: No actual error, just example
2025-10-15 18:45:03 [restartedMain] INFO  c.c.CarTechIndiaApplication - Started CarTechIndiaApplication in 56.458 seconds (process running for 58.434)
2025-10-15 18:46:36 [http-nio-0.0.0.0-8080-exec-2] INFO  c.c.service.impl.OtpServiceImpl - 📧 Email sent to test@dev.in
2025-10-15 18:47:19 [http-nio-0.0.0.0-8080-exec-4] INFO  c.c.service.impl.OtpServiceImpl - 📧 Email sent to test@dev.in
2025-10-15 18:52:29 [restartedMain] INFO  com.cartechindia - Logger initialized: CarTechIndia logging started
2025-10-15 18:52:29 [restartedMain] DEBUG com.cartechindia - Sample DEBUG entry: Service layer ready
2025-10-15 18:52:29 [restartedMain] WARN  com.cartechindia - Sample WARN entry: Check configuration if needed
2025-10-15 18:52:29 [restartedMain] ERROR com.cartechindia - Sample ERROR entry: No actual error, just example
2025-10-15 18:52:37 [restartedMain] INFO  c.c.CarTechIndiaApplication - Started CarTechIndiaApplication in 57.594 seconds (process running for 59.778)
2025-10-15 18:53:10 [http-nio-0.0.0.0-8080-exec-2] INFO  c.c.service.impl.OtpServiceImpl - 📧 Email sent to test@dev.in
2025-10-15 19:09:25 [restartedMain] INFO  com.cartechindia - Logger initialized: CarTechIndia logging started
2025-10-15 19:09:25 [restartedMain] DEBUG com.cartechindia - Sample DEBUG entry: Service layer ready
2025-10-15 19:09:25 [restartedMain] WARN  com.cartechindia - Sample WARN entry: Check configuration if needed
2025-10-15 19:09:25 [restartedMain] ERROR com.cartechindia - Sample ERROR entry: No actual error, just example
2025-10-15 19:09:32 [restartedMain] INFO  c.c.CarTechIndiaApplication - Started CarTechIndiaApplication in 59.307 seconds (process running for 61.232)
